INFO [2024-02-21 12:55:16] $x
INFO [2024-02-21 12:55:16] candidates_all05
INFO [2024-02-21 12:55:16] 
INFO [2024-02-21 12:55:16] $category.names
INFO [2024-02-21 12:55:16] c("N (1379)", "NLS (1828)")
INFO [2024-02-21 12:55:16] 
INFO [2024-02-21 12:55:16] $col
INFO [2024-02-21 12:55:16] c("red", "darkgreen")
INFO [2024-02-21 12:55:16] 
INFO [2024-02-21 12:55:16] $lwd
INFO [2024-02-21 12:55:16] c(3, 3)
INFO [2024-02-21 12:55:16] 
INFO [2024-02-21 12:55:16] $filename
INFO [2024-02-21 12:55:16] NULL
INFO [2024-02-21 12:55:16] 
INFO [2024-02-21 12:55:16] $main.cex
INFO [2024-02-21 12:55:16] [1] 1.5
INFO [2024-02-21 12:55:16] 
INFO [2024-02-21 12:55:16] $main.fontface
INFO [2024-02-21 12:55:16] [1] "bold"
INFO [2024-02-21 12:55:16] 
INFO [2024-02-21 12:55:16] $main.fontfamily
INFO [2024-02-21 12:55:16] [1] "sans"
INFO [2024-02-21 12:55:16] 
INFO [2024-02-21 12:55:16] $fill
INFO [2024-02-21 12:55:16] c("red", "darkgreen")
INFO [2024-02-21 12:55:16] 
INFO [2024-02-21 12:55:16] $alpha
INFO [2024-02-21 12:55:16] [1] 0.3
INFO [2024-02-21 12:55:16] 
INFO [2024-02-21 12:55:16] $cex
INFO [2024-02-21 12:55:16] [1] 1.5
INFO [2024-02-21 12:55:16] 
INFO [2024-02-21 12:55:16] $fontfamily
INFO [2024-02-21 12:55:16] [1] "sans"
INFO [2024-02-21 12:55:16] 
INFO [2024-02-21 12:55:16] $fontface
INFO [2024-02-21 12:55:16] [1] "bold"
INFO [2024-02-21 12:55:16] 
INFO [2024-02-21 12:55:16] $cat.default.pos
INFO [2024-02-21 12:55:16] [1] "text"
INFO [2024-02-21 12:55:16] 
INFO [2024-02-21 12:55:16] $cat.col
INFO [2024-02-21 12:55:16] c("black", "black")
INFO [2024-02-21 12:55:16] 
INFO [2024-02-21 12:55:16] $cat.cex
INFO [2024-02-21 12:55:16] [1] 1.25
INFO [2024-02-21 12:55:16] 
INFO [2024-02-21 12:55:16] $cat.fontfamily
INFO [2024-02-21 12:55:16] [1] "sans"
INFO [2024-02-21 12:55:16] 
INFO [2024-02-21 12:55:16] $cat.dist
INFO [2024-02-21 12:55:16] c(0.2, 0.2)
INFO [2024-02-21 12:55:16] 
INFO [2024-02-21 12:55:16] $cat.pos
INFO [2024-02-21 12:55:16] c(-14.5, -4.5)
INFO [2024-02-21 12:55:16] 
