INFO [2024-02-20 11:41:56] $x
INFO [2024-02-20 11:41:56] candidates_all05
INFO [2024-02-20 11:41:56] 
INFO [2024-02-20 11:41:56] $category.names
INFO [2024-02-20 11:41:56] c("N (1379)", "NLS (1828)")
INFO [2024-02-20 11:41:56] 
INFO [2024-02-20 11:41:56] $col
INFO [2024-02-20 11:41:56] c("red", "darkgreen")
INFO [2024-02-20 11:41:56] 
INFO [2024-02-20 11:41:56] $lwd
INFO [2024-02-20 11:41:56] c(3, 3)
INFO [2024-02-20 11:41:56] 
INFO [2024-02-20 11:41:56] $filename
INFO [2024-02-20 11:41:56] NULL
INFO [2024-02-20 11:41:56] 
INFO [2024-02-20 11:41:56] $main.cex
INFO [2024-02-20 11:41:56] [1] 1.5
INFO [2024-02-20 11:41:56] 
INFO [2024-02-20 11:41:56] $main.fontface
INFO [2024-02-20 11:41:56] [1] "bold"
INFO [2024-02-20 11:41:56] 
INFO [2024-02-20 11:41:56] $main.fontfamily
INFO [2024-02-20 11:41:56] [1] "sans"
INFO [2024-02-20 11:41:56] 
INFO [2024-02-20 11:41:56] $fill
INFO [2024-02-20 11:41:56] c("red", "darkgreen")
INFO [2024-02-20 11:41:56] 
INFO [2024-02-20 11:41:56] $alpha
INFO [2024-02-20 11:41:56] [1] 0.3
INFO [2024-02-20 11:41:56] 
INFO [2024-02-20 11:41:56] $cex
INFO [2024-02-20 11:41:56] [1] 1.5
INFO [2024-02-20 11:41:56] 
INFO [2024-02-20 11:41:56] $fontfamily
INFO [2024-02-20 11:41:56] [1] "sans"
INFO [2024-02-20 11:41:56] 
INFO [2024-02-20 11:41:56] $fontface
INFO [2024-02-20 11:41:56] [1] "bold"
INFO [2024-02-20 11:41:56] 
INFO [2024-02-20 11:41:56] $cat.default.pos
INFO [2024-02-20 11:41:56] [1] "text"
INFO [2024-02-20 11:41:56] 
INFO [2024-02-20 11:41:56] $cat.col
INFO [2024-02-20 11:41:56] c("black", "black")
INFO [2024-02-20 11:41:56] 
INFO [2024-02-20 11:41:56] $cat.cex
INFO [2024-02-20 11:41:56] [1] 1.25
INFO [2024-02-20 11:41:56] 
INFO [2024-02-20 11:41:56] $cat.fontfamily
INFO [2024-02-20 11:41:56] [1] "sans"
INFO [2024-02-20 11:41:56] 
INFO [2024-02-20 11:41:56] $cat.dist
INFO [2024-02-20 11:41:56] c(0.2, 0.2)
INFO [2024-02-20 11:41:56] 
INFO [2024-02-20 11:41:56] $cat.pos
INFO [2024-02-20 11:41:56] c(-14.5, -4.5)
INFO [2024-02-20 11:41:56] 
