INFO [2024-02-28 13:21:37] $x
INFO [2024-02-28 13:21:37] candidates_all05
INFO [2024-02-28 13:21:37] 
INFO [2024-02-28 13:21:37] $category.names
INFO [2024-02-28 13:21:37] c("N (1379)", "NLS (1828)")
INFO [2024-02-28 13:21:37] 
INFO [2024-02-28 13:21:37] $col
INFO [2024-02-28 13:21:37] c("red", "darkgreen")
INFO [2024-02-28 13:21:37] 
INFO [2024-02-28 13:21:37] $lwd
INFO [2024-02-28 13:21:37] c(3, 3)
INFO [2024-02-28 13:21:37] 
INFO [2024-02-28 13:21:37] $filename
INFO [2024-02-28 13:21:37] NULL
INFO [2024-02-28 13:21:37] 
INFO [2024-02-28 13:21:37] $main.cex
INFO [2024-02-28 13:21:37] [1] 1.5
INFO [2024-02-28 13:21:37] 
INFO [2024-02-28 13:21:37] $main.fontface
INFO [2024-02-28 13:21:37] [1] "bold"
INFO [2024-02-28 13:21:37] 
INFO [2024-02-28 13:21:37] $main.fontfamily
INFO [2024-02-28 13:21:37] [1] "sans"
INFO [2024-02-28 13:21:37] 
INFO [2024-02-28 13:21:37] $fill
INFO [2024-02-28 13:21:37] c("red", "darkgreen")
INFO [2024-02-28 13:21:37] 
INFO [2024-02-28 13:21:37] $alpha
INFO [2024-02-28 13:21:37] [1] 0.3
INFO [2024-02-28 13:21:37] 
INFO [2024-02-28 13:21:37] $cex
INFO [2024-02-28 13:21:37] [1] 1.5
INFO [2024-02-28 13:21:37] 
INFO [2024-02-28 13:21:37] $fontfamily
INFO [2024-02-28 13:21:37] [1] "sans"
INFO [2024-02-28 13:21:37] 
INFO [2024-02-28 13:21:37] $fontface
INFO [2024-02-28 13:21:37] [1] "bold"
INFO [2024-02-28 13:21:37] 
INFO [2024-02-28 13:21:37] $cat.default.pos
INFO [2024-02-28 13:21:37] [1] "text"
INFO [2024-02-28 13:21:37] 
INFO [2024-02-28 13:21:37] $cat.col
INFO [2024-02-28 13:21:37] c("black", "black")
INFO [2024-02-28 13:21:37] 
INFO [2024-02-28 13:21:37] $cat.cex
INFO [2024-02-28 13:21:37] [1] 1.25
INFO [2024-02-28 13:21:37] 
INFO [2024-02-28 13:21:37] $cat.fontfamily
INFO [2024-02-28 13:21:37] [1] "sans"
INFO [2024-02-28 13:21:37] 
INFO [2024-02-28 13:21:37] $cat.dist
INFO [2024-02-28 13:21:37] c(0.2, 0.2)
INFO [2024-02-28 13:21:37] 
INFO [2024-02-28 13:21:37] $cat.pos
INFO [2024-02-28 13:21:37] c(-14.5, -4.5)
INFO [2024-02-28 13:21:37] 
