INFO [2024-02-26 12:07:53] $x
INFO [2024-02-26 12:07:53] candidates_all05
INFO [2024-02-26 12:07:53] 
INFO [2024-02-26 12:07:53] $category.names
INFO [2024-02-26 12:07:53] c("N (1379)", "NLS (1828)")
INFO [2024-02-26 12:07:53] 
INFO [2024-02-26 12:07:53] $col
INFO [2024-02-26 12:07:53] c("red", "darkgreen")
INFO [2024-02-26 12:07:53] 
INFO [2024-02-26 12:07:53] $lwd
INFO [2024-02-26 12:07:53] c(3, 3)
INFO [2024-02-26 12:07:53] 
INFO [2024-02-26 12:07:53] $filename
INFO [2024-02-26 12:07:53] NULL
INFO [2024-02-26 12:07:53] 
INFO [2024-02-26 12:07:53] $main.cex
INFO [2024-02-26 12:07:53] [1] 1.5
INFO [2024-02-26 12:07:53] 
INFO [2024-02-26 12:07:53] $main.fontface
INFO [2024-02-26 12:07:53] [1] "bold"
INFO [2024-02-26 12:07:53] 
INFO [2024-02-26 12:07:53] $main.fontfamily
INFO [2024-02-26 12:07:53] [1] "sans"
INFO [2024-02-26 12:07:53] 
INFO [2024-02-26 12:07:53] $fill
INFO [2024-02-26 12:07:53] c("red", "darkgreen")
INFO [2024-02-26 12:07:53] 
INFO [2024-02-26 12:07:53] $alpha
INFO [2024-02-26 12:07:53] [1] 0.3
INFO [2024-02-26 12:07:53] 
INFO [2024-02-26 12:07:53] $cex
INFO [2024-02-26 12:07:53] [1] 1.5
INFO [2024-02-26 12:07:53] 
INFO [2024-02-26 12:07:53] $fontfamily
INFO [2024-02-26 12:07:53] [1] "sans"
INFO [2024-02-26 12:07:53] 
INFO [2024-02-26 12:07:53] $fontface
INFO [2024-02-26 12:07:53] [1] "bold"
INFO [2024-02-26 12:07:53] 
INFO [2024-02-26 12:07:53] $cat.default.pos
INFO [2024-02-26 12:07:53] [1] "text"
INFO [2024-02-26 12:07:53] 
INFO [2024-02-26 12:07:53] $cat.col
INFO [2024-02-26 12:07:53] c("black", "black")
INFO [2024-02-26 12:07:53] 
INFO [2024-02-26 12:07:53] $cat.cex
INFO [2024-02-26 12:07:53] [1] 1.25
INFO [2024-02-26 12:07:53] 
INFO [2024-02-26 12:07:53] $cat.fontfamily
INFO [2024-02-26 12:07:53] [1] "sans"
INFO [2024-02-26 12:07:53] 
INFO [2024-02-26 12:07:53] $cat.dist
INFO [2024-02-26 12:07:53] c(0.2, 0.2)
INFO [2024-02-26 12:07:53] 
INFO [2024-02-26 12:07:53] $cat.pos
INFO [2024-02-26 12:07:53] c(-14.5, -4.5)
INFO [2024-02-26 12:07:53] 
